<?xml version="1.0" encoding="UTF-8"?>
<!-- Generated by org.testng.reporters.JUnitReportReporter -->
<testsuite skipped="0" hostname="Shikhar-HP" name="com.qa.tests.DemoTest" tests="4" failures="0" timestamp="01 Nov 2018 21:42:36 GMT" time="0.060" errors="0">
  <testcase name="Multi" time="0.010" classname="com.qa.tests.DemoTest"/>
  <testcase name="Sub" time="0.000" classname="com.qa.tests.DemoTest"/>
  <testcase name="Sum" time="0.010" classname="com.qa.tests.DemoTest"/>
  <testcase name="Div" time="0.040" classname="com.qa.tests.DemoTest"/>
</testsuite> <!-- com.qa.tests.DemoTest -->
