<?xml version="1.0" encoding="UTF-8"?>
<!-- Generated by org.testng.reporters.JUnitReportReporter -->
<testsuite hostname="Shikhar-HP" failures="0" tests="4" name="com.qa.tests.DemoTest" time="0.014" errors="0" timestamp="30 Oct 2018 21:24:33 GMT" skipped="0">
  <testcase classname="com.qa.tests.DemoTest" name="Div" time="0.013"/>
  <testcase classname="com.qa.tests.DemoTest" name="Multi" time="0.001"/>
  <testcase classname="com.qa.tests.DemoTest" name="Sum" time="0.000"/>
  <testcase classname="com.qa.tests.DemoTest" name="Sub" time="0.000"/>
</testsuite> <!-- com.qa.tests.DemoTest -->
